Arguments: 
  /usr/bin/node /usr/bin/yarn

PATH: 
  /home/abdulaziz/.vscode-server/bin/ea3859d4ba2f3e577a159bc91e3074c5d85c0523/bin:/usr/local/sbin:/usr/local/bin:/usr/sbin:/usr/bin:/sbin:/bin:/usr/games:/usr/local/games:/mnt/c/Program Files/Microsoft MPI/Bin/:/mnt/c/WINDOWS/system32:/mnt/c/WINDOWS:/mnt/c/WINDOWS/System32/Wbem:/mnt/c/WINDOWS/System32/WindowsPowerShell/v1.0/:/mnt/c/Program Files/Git/cmd:/mnt/c/ProgramData/chocolatey/bin:/mnt/c/WINDOWS/System32/OpenSSH/:/mnt/c/Program Files (x86)/PharosSystems/Core:/mnt/c/Program Files (x86)/Yarn/bin/:/mnt/c/Program Files/dotnet/:/mnt/c/texlive/2018/bin/win32:/mnt/c/Users/alobo/AppData/Local/Microsoft/WindowsApps:/mnt/c/Program Files/Microsoft VS Code/bin:/mnt/c/Users/alobo/AppData/Local/Programs/Microsoft VS Code/bin:/mnt/c/Users/alobo/AppData/Local/Programs/MiKTeX 2.9/miktex/bin/x64/:/mnt/c/Users/alobo/AppData/Local/hyper/app-2.1.0/resources/bin:/mnt/c/Users/alobo/AppData/Local/Yarn/bin:/snap/bin

Yarn version: 
  1.21.1

Node version: 
  14.15.4

Platform: 
  linux x64

Trace: 
  SyntaxError: /home/abdulaziz/projects/chavascript/package.json: Unexpected token } in JSON at position 716
      at JSON.parse (<anonymous>)
      at /usr/lib/node_modules/yarn/lib/cli.js:1625:59
      at Generator.next (<anonymous>)
      at step (/usr/lib/node_modules/yarn/lib/cli.js:310:30)
      at /usr/lib/node_modules/yarn/lib/cli.js:321:13

npm manifest: 
  {
    "name": "chavascript",
    "version": "0.1.3",
    "description": "ChavaScript language transpiler",
    "main": "index.js",
    "module": "index.js",
    "homepage": "https://chavascript.github.io/chavascript/",
    "repository": {
      "type": "git",
      "url": "https://github.com/ChavaScript/chavascript"
    },
    "license": "MIT",
    "scripts": {
      "clean": "rm -rf dist",
      "build": "rollup -c rollup.config.js",
      "clean-build": "npm run clean && npm run build",
      "prepublish": "npm run clean-build"
    },
    "devDependencies": {
      "@babel/core": "^7.12.10",
      "rollup": "^0.45.0",
      "rollup-plugin-buble": "^0.16.0"
    },
    "dependencies": {
      "@material-ui/core": "^4.11.3",
      "escodegen": "^1.11.1",
    }
  }

yarn manifest: 
  No manifest

Lockfile: 
  # THIS IS AN AUTOGENERATED FILE. DO NOT EDIT THIS FILE DIRECTLY.
  # yarn lockfile v1
  
  
  "@babel/code-frame@^7.10.4", "@babel/code-frame@^7.12.11":
    version "7.12.11"
    resolved "https://registry.yarnpkg.com/@babel/code-frame/-/code-frame-7.12.11.tgz#f4ad435aa263db935b8f10f2c552d23fb716a63f"
    integrity sha512-Zt1yodBx1UcyiePMSkWnU4hPqhwq7hGi2nFL1LeA3EUl+q2LQx16MISgJ0+z7dnmgvP9QtIleuETGOiOH1RcIw==
    dependencies:
      "@babel/highlight" "^7.10.4"
  
  "@babel/core@^7.12.10":
    version "7.12.10"
    resolved "https://registry.yarnpkg.com/@babel/core/-/core-7.12.10.tgz#b79a2e1b9f70ed3d84bbfb6d8c4ef825f606bccd"
    integrity sha512-eTAlQKq65zHfkHZV0sIVODCPGVgoo1HdBlbSLi9CqOzuZanMv2ihzY+4paiKr1mH+XmYESMAmJ/dpZ68eN6d8w==
    dependencies:
      "@babel/code-frame" "^7.10.4"
      "@babel/generator" "^7.12.10"
      "@babel/helper-module-transforms" "^7.12.1"
      "@babel/helpers" "^7.12.5"
      "@babel/parser" "^7.12.10"
      "@babel/template" "^7.12.7"
      "@babel/traverse" "^7.12.10"
      "@babel/types" "^7.12.10"
      convert-source-map "^1.7.0"
      debug "^4.1.0"
      gensync "^1.0.0-beta.1"
      json5 "^2.1.2"
      lodash "^4.17.19"
      semver "^5.4.1"
      source-map "^0.5.0"
  
  "@babel/generator@^7.12.10", "@babel/generator@^7.12.11":
    version "7.12.11"
    resolved "https://registry.yarnpkg.com/@babel/generator/-/generator-7.12.11.tgz#98a7df7b8c358c9a37ab07a24056853016aba3af"
    integrity sha512-Ggg6WPOJtSi8yYQvLVjG8F/TlpWDlKx0OpS4Kt+xMQPs5OaGYWy+v1A+1TvxI6sAMGZpKWWoAQ1DaeQbImlItA==
    dependencies:
      "@babel/types" "^7.12.11"
      jsesc "^2.5.1"
      source-map "^0.5.0"
  
  "@babel/helper-function-name@^7.12.11":
    version "7.12.11"
    resolved "https://registry.yarnpkg.com/@babel/helper-function-name/-/helper-function-name-7.12.11.tgz#1fd7738aee5dcf53c3ecff24f1da9c511ec47b42"
    integrity sha512-AtQKjtYNolKNi6nNNVLQ27CP6D9oFR6bq/HPYSizlzbp7uC1M59XJe8L+0uXjbIaZaUJF99ruHqVGiKXU/7ybA==
    dependencies:
      "@babel/helper-get-function-arity" "^7.12.10"
      "@babel/template" "^7.12.7"
      "@babel/types" "^7.12.11"
  
  "@babel/helper-get-function-arity@^7.12.10":
    version "7.12.10"
    resolved "https://registry.yarnpkg.com/@babel/helper-get-function-arity/-/helper-get-function-arity-7.12.10.tgz#b158817a3165b5faa2047825dfa61970ddcc16cf"
    integrity sha512-mm0n5BPjR06wh9mPQaDdXWDoll/j5UpCAPl1x8fS71GHm7HA6Ua2V4ylG1Ju8lvcTOietbPNNPaSilKj+pj+Ag==
    dependencies:
      "@babel/types" "^7.12.10"
  
  "@babel/helper-member-expression-to-functions@^7.12.7":
    version "7.12.7"
    resolved "https://registry.yarnpkg.com/@babel/helper-member-expression-to-functions/-/helper-member-expression-to-functions-7.12.7.tgz#aa77bd0396ec8114e5e30787efa78599d874a855"
    integrity sha512-DCsuPyeWxeHgh1Dus7APn7iza42i/qXqiFPWyBDdOFtvS581JQePsc1F/nD+fHrcswhLlRc2UpYS1NwERxZhHw==
    dependencies:
      "@babel/types" "^7.12.7"
  
  "@babel/helper-module-imports@^7.12.1":
    version "7.12.5"
    resolved "https://registry.yarnpkg.com/@babel/helper-module-imports/-/helper-module-imports-7.12.5.tgz#1bfc0229f794988f76ed0a4d4e90860850b54dfb"
    integrity sha512-SR713Ogqg6++uexFRORf/+nPXMmWIn80TALu0uaFb+iQIUoR7bOC7zBWyzBs5b3tBBJXuyD0cRu1F15GyzjOWA==
    dependencies:
      "@babel/types" "^7.12.5"
  
  "@babel/helper-module-transforms@^7.12.1":
    version "7.12.1"
    resolved "https://registry.yarnpkg.com/@babel/helper-module-transforms/-/helper-module-transforms-7.12.1.tgz#7954fec71f5b32c48e4b303b437c34453fd7247c"
    integrity sha512-QQzehgFAZ2bbISiCpmVGfiGux8YVFXQ0abBic2Envhej22DVXV9nCFaS5hIQbkyo1AdGb+gNME2TSh3hYJVV/w==
    dependencies:
      "@babel/helper-module-imports" "^7.12.1"
      "@babel/helper-replace-supers" "^7.12.1"
      "@babel/helper-simple-access" "^7.12.1"
      "@babel/helper-split-export-declaration" "^7.11.0"
      "@babel/helper-validator-identifier" "^7.10.4"
      "@babel/template" "^7.10.4"
      "@babel/traverse" "^7.12.1"
      "@babel/types" "^7.12.1"
      lodash "^4.17.19"
  
  "@babel/helper-optimise-call-expression@^7.12.10":
    version "7.12.10"
    resolved "https://registry.yarnpkg.com/@babel/helper-optimise-call-expression/-/helper-optimise-call-expression-7.12.10.tgz#94ca4e306ee11a7dd6e9f42823e2ac6b49881e2d"
    integrity sha512-4tpbU0SrSTjjt65UMWSrUOPZTsgvPgGG4S8QSTNHacKzpS51IVWGDj0yCwyeZND/i+LSN2g/O63jEXEWm49sYQ==
    dependencies:
      "@babel/types" "^7.12.10"
  
  "@babel/helper-replace-supers@^7.12.1":
    version "7.12.11"
    resolved "https://registry.yarnpkg.com/@babel/helper-replace-supers/-/helper-replace-supers-7.12.11.tgz#ea511658fc66c7908f923106dd88e08d1997d60d"
    integrity sha512-q+w1cqmhL7R0FNzth/PLLp2N+scXEK/L2AHbXUyydxp828F4FEa5WcVoqui9vFRiHDQErj9Zof8azP32uGVTRA==
    dependencies:
      "@babel/helper-member-expression-to-functions" "^7.12.7"
      "@babel/helper-optimise-call-expression" "^7.12.10"
      "@babel/traverse" "^7.12.10"
      "@babel/types" "^7.12.11"
  
  "@babel/helper-simple-access@^7.12.1":
    version "7.12.1"
    resolved "https://registry.yarnpkg.com/@babel/helper-simple-access/-/helper-simple-access-7.12.1.tgz#32427e5aa61547d38eb1e6eaf5fd1426fdad9136"
    integrity sha512-OxBp7pMrjVewSSC8fXDFrHrBcJATOOFssZwv16F3/6Xtc138GHybBfPbm9kfiqQHKhYQrlamWILwlDCeyMFEaA==
    dependencies:
      "@babel/types" "^7.12.1"
  
  "@babel/helper-split-export-declaration@^7.11.0", "@babel/helper-split-export-declaration@^7.12.11":
    version "7.12.11"
    resolved "https://registry.yarnpkg.com/@babel/helper-split-export-declaration/-/helper-split-export-declaration-7.12.11.tgz#1b4cc424458643c47d37022223da33d76ea4603a"
    integrity sha512-LsIVN8j48gHgwzfocYUSkO/hjYAOJqlpJEc7tGXcIm4cubjVUf8LGW6eWRyxEu7gA25q02p0rQUWoCI33HNS5g==
    dependencies:
      "@babel/types" "^7.12.11"
  
  "@babel/helper-validator-identifier@^7.10.4", "@babel/helper-validator-identifier@^7.12.11":
    version "7.12.11"
    resolved "https://registry.yarnpkg.com/@babel/helper-validator-identifier/-/helper-validator-identifier-7.12.11.tgz#c9a1f021917dcb5ccf0d4e453e399022981fc9ed"
    integrity sha512-np/lG3uARFybkoHokJUmf1QfEvRVCPbmQeUQpKow5cQ3xWrV9i3rUHodKDJPQfTVX61qKi+UdYk8kik84n7XOw==
  
  "@babel/helpers@^7.12.5":
    version "7.12.5"
    resolved "https://registry.yarnpkg.com/@babel/helpers/-/helpers-7.12.5.tgz#1a1ba4a768d9b58310eda516c449913fe647116e"
    integrity sha512-lgKGMQlKqA8meJqKsW6rUnc4MdUk35Ln0ATDqdM1a/UpARODdI4j5Y5lVfUScnSNkJcdCRAaWkspykNoFg9sJA==
    dependencies:
      "@babel/template" "^7.10.4"
      "@babel/traverse" "^7.12.5"
      "@babel/types" "^7.12.5"
  
  "@babel/highlight@^7.10.4":
    version "7.10.4"
    resolved "https://registry.yarnpkg.com/@babel/highlight/-/highlight-7.10.4.tgz#7d1bdfd65753538fabe6c38596cdb76d9ac60143"
    integrity sha512-i6rgnR/YgPEQzZZnbTHHuZdlE8qyoBNalD6F+q4vAFlcMEcqmkoG+mPqJYJCo63qPf74+Y1UZsl3l6f7/RIkmA==
    dependencies:
      "@babel/helper-validator-identifier" "^7.10.4"
      chalk "^2.0.0"
      js-tokens "^4.0.0"
  
  "@babel/parser@^7.12.10", "@babel/parser@^7.12.11", "@babel/parser@^7.12.7":
    version "7.12.11"
    resolved "https://registry.yarnpkg.com/@babel/parser/-/parser-7.12.11.tgz#9ce3595bcd74bc5c466905e86c535b8b25011e79"
    integrity sha512-N3UxG+uuF4CMYoNj8AhnbAcJF0PiuJ9KHuy1lQmkYsxTer/MAH9UBNHsBoAX/4s6NvlDD047No8mYVGGzLL4hg==
  
  "@babel/runtime@^7.1.2", "@babel/runtime@^7.3.1", "@babel/runtime@^7.4.4", "@babel/runtime@^7.5.5", "@babel/runtime@^7.8.3", "@babel/runtime@^7.8.7":
    version "7.12.5"
    resolved "https://registry.yarnpkg.com/@babel/runtime/-/runtime-7.12.5.tgz#410e7e487441e1b360c29be715d870d9b985882e"
    integrity sha512-plcc+hbExy3McchJCEQG3knOsuh3HH+Prx1P6cLIkET/0dLuQDEnrT+s27Axgc9bqfsmNUNHfscgMUdBpC9xfg==
    dependencies:
      regenerator-runtime "^0.13.4"
  
  "@babel/template@^7.10.4", "@babel/template@^7.12.7":
    version "7.12.7"
    resolved "https://registry.yarnpkg.com/@babel/template/-/template-7.12.7.tgz#c817233696018e39fbb6c491d2fb684e05ed43bc"
    integrity sha512-GkDzmHS6GV7ZeXfJZ0tLRBhZcMcY0/Lnb+eEbXDBfCAcZCjrZKe6p3J4we/D24O9Y8enxWAg1cWwof59yLh2ow==
    dependencies:
      "@babel/code-frame" "^7.10.4"
      "@babel/parser" "^7.12.7"
      "@babel/types" "^7.12.7"
  
  "@babel/traverse@^7.12.1", "@babel/traverse@^7.12.10", "@babel/traverse@^7.12.5":
    version "7.12.12"
    resolved "https://registry.yarnpkg.com/@babel/traverse/-/traverse-7.12.12.tgz#d0cd87892704edd8da002d674bc811ce64743376"
    integrity sha512-s88i0X0lPy45RrLM8b9mz8RPH5FqO9G9p7ti59cToE44xFm1Q+Pjh5Gq4SXBbtb88X7Uy7pexeqRIQDDMNkL0w==
    dependencies:
      "@babel/code-frame" "^7.12.11"
      "@babel/generator" "^7.12.11"
      "@babel/helper-function-name" "^7.12.11"
      "@babel/helper-split-export-declaration" "^7.12.11"
      "@babel/parser" "^7.12.11"
      "@babel/types" "^7.12.12"
      debug "^4.1.0"
      globals "^11.1.0"
      lodash "^4.17.19"
  
  "@babel/types@^7.12.1", "@babel/types@^7.12.10", "@babel/types@^7.12.11", "@babel/types@^7.12.12", "@babel/types@^7.12.5", "@babel/types@^7.12.7":
    version "7.12.12"
    resolved "https://registry.yarnpkg.com/@babel/types/-/types-7.12.12.tgz#4608a6ec313abbd87afa55004d373ad04a96c299"
    integrity sha512-lnIX7piTxOH22xE7fDXDbSHg9MM1/6ORnafpJmov5rs0kX5g4BZxeXNJLXsMRiO0U5Rb8/FvMS6xlTnTHvxonQ==
    dependencies:
      "@babel/helper-validator-identifier" "^7.12.11"
      lodash "^4.17.19"
      to-fast-properties "^2.0.0"
  
  "@emotion/hash@^0.8.0":
    version "0.8.0"
    resolved "https://registry.yarnpkg.com/@emotion/hash/-/hash-0.8.0.tgz#bbbff68978fefdbe68ccb533bc8cbe1d1afb5413"
    integrity sha512-kBJtf7PH6aWwZ6fka3zQ0p6SBYzx4fl1LoZXE2RrnYST9Xljm7WfKJrU4g/Xr3Beg72MLrp1AWNUmuYJTL7Cow==
  
  "@material-ui/core@^4.11.3":
    version "4.11.3"
    resolved "https://registry.yarnpkg.com/@material-ui/core/-/core-4.11.3.tgz#f22e41775b0bd075e36a7a093d43951bf7f63850"
    integrity sha512-Adt40rGW6Uds+cAyk3pVgcErpzU/qxc7KBR94jFHBYretU4AtWZltYcNsbeMn9tXL86jjVL1kuGcIHsgLgFGRw==
    dependencies:
      "@babel/runtime" "^7.4.4"
      "@material-ui/styles" "^4.11.3"
      "@material-ui/system" "^4.11.3"
      "@material-ui/types" "^5.1.0"
      "@material-ui/utils" "^4.11.2"
      "@types/react-transition-group" "^4.2.0"
      clsx "^1.0.4"
      hoist-non-react-statics "^3.3.2"
      popper.js "1.16.1-lts"
      prop-types "^15.7.2"
      react-is "^16.8.0 || ^17.0.0"
      react-transition-group "^4.4.0"
  
  "@material-ui/styles@^4.11.3":
    version "4.11.3"
    resolved "https://registry.yarnpkg.com/@material-ui/styles/-/styles-4.11.3.tgz#1b8d97775a4a643b53478c895e3f2a464e8916f2"
    integrity sha512-HzVzCG+PpgUGMUYEJ2rTEmQYeonGh41BYfILNFb/1ueqma+p1meSdu4RX6NjxYBMhf7k+jgfHFTTz+L1SXL/Zg==
    dependencies:
      "@babel/runtime" "^7.4.4"
      "@emotion/hash" "^0.8.0"
      "@material-ui/types" "^5.1.0"
      "@material-ui/utils" "^4.11.2"
      clsx "^1.0.4"
      csstype "^2.5.2"
      hoist-non-react-statics "^3.3.2"
      jss "^10.5.1"
      jss-plugin-camel-case "^10.5.1"
      jss-plugin-default-unit "^10.5.1"
      jss-plugin-global "^10.5.1"
      jss-plugin-nested "^10.5.1"
      jss-plugin-props-sort "^10.5.1"
      jss-plugin-rule-value-function "^10.5.1"
      jss-plugin-vendor-prefixer "^10.5.1"
      prop-types "^15.7.2"
  
  "@material-ui/system@^4.11.3":
    version "4.11.3"
    resolved "https://registry.yarnpkg.com/@material-ui/system/-/system-4.11.3.tgz#466bc14c9986798fd325665927c963eb47cc4143"
    integrity sha512-SY7otguNGol41Mu2Sg6KbBP1ZRFIbFLHGK81y4KYbsV2yIcaEPOmsCK6zwWlp+2yTV3J/VwT6oSBARtGIVdXPw==
    dependencies:
      "@babel/runtime" "^7.4.4"
      "@material-ui/utils" "^4.11.2"
      csstype "^2.5.2"
      prop-types "^15.7.2"
  
  "@material-ui/types@^5.1.0":
    version "5.1.0"
    resolved "https://registry.yarnpkg.com/@material-ui/types/-/types-5.1.0.tgz#efa1c7a0b0eaa4c7c87ac0390445f0f88b0d88f2"
    integrity sha512-7cqRjrY50b8QzRSYyhSpx4WRw2YuO0KKIGQEVk5J8uoz2BanawykgZGoWEqKm7pVIbzFDN0SpPcVV4IhOFkl8A==
  
  "@material-ui/utils@^4.11.2":
    version "4.11.2"
    resolved "https://registry.yarnpkg.com/@material-ui/utils/-/utils-4.11.2.tgz#f1aefa7e7dff2ebcb97d31de51aecab1bb57540a"
    integrity sha512-Uul8w38u+PICe2Fg2pDKCaIG7kOyhowZ9vjiC1FsVwPABTW8vPPKfF6OvxRq3IiBaI1faOJmgdvMG7rMJARBhA==
    dependencies:
      "@babel/runtime" "^7.4.4"
      prop-types "^15.7.2"
      react-is "^16.8.0 || ^17.0.0"
  
  "@types/prop-types@*":
    version "15.7.3"
    resolved "https://registry.yarnpkg.com/@types/prop-types/-/prop-types-15.7.3.tgz#2ab0d5da2e5815f94b0b9d4b95d1e5f243ab2ca7"
    integrity sha512-KfRL3PuHmqQLOG+2tGpRO26Ctg+Cq1E01D2DMriKEATHgWLfeNDmq9e29Q9WIky0dQ3NPkd1mzYH8Lm936Z9qw==
  
  "@types/react-transition-group@^4.2.0":
    version "4.4.0"
    resolved "https://registry.yarnpkg.com/@types/react-transition-group/-/react-transition-group-4.4.0.tgz#882839db465df1320e4753e6e9f70ca7e9b4d46d"
    integrity sha512-/QfLHGpu+2fQOqQaXh8MG9q03bFENooTb/it4jr5kKaZlDQfWvjqWZg48AwzPVMBHlRuTRAY7hRHCEOXz5kV6w==
    dependencies:
      "@types/react" "*"
  
  "@types/react@*":
    version "17.0.1"
    resolved "https://registry.yarnpkg.com/@types/react/-/react-17.0.1.tgz#eb1f1407dea8da3bc741879c1192aa703ab9975b"
    integrity sha512-w8t9f53B2ei4jeOqf/gxtc2Sswnc3LBK5s0DyJcg5xd10tMHXts2N31cKjWfH9IC/JvEPa/YF1U4YeP1t4R6HQ==
    dependencies:
      "@types/prop-types" "*"
      csstype "^3.0.2"
  
  acorn-jsx@^3.0.1:
    version "3.0.1"
    resolved "https://registry.yarnpkg.com/acorn-jsx/-/acorn-jsx-3.0.1.tgz#afdf9488fb1ecefc8348f6fb22f464e32a58b36b"
    integrity sha1-r9+UiPsezvyDSPb7IvRk4ypYs2s=
    dependencies:
      acorn "^3.0.4"
  
  acorn-object-spread@^1.0.0:
    version "1.0.0"
    resolved "https://registry.yarnpkg.com/acorn-object-spread/-/acorn-object-spread-1.0.0.tgz#48ead0f4a8eb16995a17a0db9ffc6acaada4ba68"
    integrity sha1-SOrQ9KjrFplaF6Dbn/xqyq2kumg=
    dependencies:
      acorn "^3.1.0"
  
  acorn@^3.0.4, acorn@^3.1.0, acorn@^3.3.0:
    version "3.3.0"
    resolved "https://registry.yarnpkg.com/acorn/-/acorn-3.3.0.tgz#45e37fb39e8da3f25baee3ff5369e2bb5f22017a"
    integrity sha1-ReN/s56No/JbruP/U2niu18iAXo=
  
  ansi-regex@^2.0.0:
    version "2.1.1"
    resolved "https://registry.yarnpkg.com/ansi-regex/-/ansi-regex-2.1.1.tgz#c3b33ab5ee360d86e0e628f0468ae7ef27d654df"
    integrity sha1-w7M6te42DYbg5ijwRorn7yfWVN8=
  
  ansi-styles@^2.2.1:
    version "2.2.1"
    resolved "https://registry.yarnpkg.com/ansi-styles/-/ansi-styles-2.2.1.tgz#b432dd3358b634cf75e1e4664368240533c1ddbe"
    integrity sha1-tDLdM1i2NM914eRmQ2gkBTPB3b4=
  
  ansi-styles@^3.2.1:
    version "3.2.1"
    resolved "https://registry.yarnpkg.com/ansi-styles/-/ansi-styles-3.2.1.tgz#41fbb20243e50b12be0f04b8dedbf07520ce841d"
    integrity sha512-VT0ZI6kZRdTh8YyJw3SMbYm/u+NqfsAxEpWO0Pf9sq8/e94WxxOpPKx9FR1FlyCtOVDNOQ+8ntlqFxiRc+r5qA==
    dependencies:
      color-convert "^1.9.0"
  
  buble@^0.16.0:
    version "0.16.0"
    resolved "https://registry.yarnpkg.com/buble/-/buble-0.16.0.tgz#1773e7b5a383f5c722af6b1b16b2ba49cb866a98"
    integrity sha512-Eb5vt1+IvXXPyYD1IIQIuaBwIuJOSWQ2kXzULlg5I83aLGF2qzcjRU2joYusnWFgAenvJ9xTOMvZvT0bb8BLbg==
    dependencies:
      acorn "^3.3.0"
      acorn-jsx "^3.0.1"
      acorn-object-spread "^1.0.0"
      chalk "^1.1.3"
      magic-string "^0.14.0"
      minimist "^1.2.0"
      os-homedir "^1.0.1"
      vlq "^0.2.2"
  
  chalk@^1.1.3:
    version "1.1.3"
    resolved "https://registry.yarnpkg.com/chalk/-/chalk-1.1.3.tgz#a8115c55e4a702fe4d150abd3872822a7e09fc98"
    integrity sha1-qBFcVeSnAv5NFQq9OHKCKn4J/Jg=
    dependencies:
      ansi-styles "^2.2.1"
      escape-string-regexp "^1.0.2"
      has-ansi "^2.0.0"
      strip-ansi "^3.0.0"
      supports-color "^2.0.0"
  
  chalk@^2.0.0:
    version "2.4.2"
    resolved "https://registry.yarnpkg.com/chalk/-/chalk-2.4.2.tgz#cd42541677a54333cf541a49108c1432b44c9424"
    integrity sha512-Mti+f9lpJNcwF4tWV8/OrTTtF1gZi+f8FqlyAdouralcFWFQWF2+NgCHShjkCb+IFBLq9buZwE1xckQU4peSuQ==
    dependencies:
      ansi-styles "^3.2.1"
      escape-string-regexp "^1.0.5"
      supports-color "^5.3.0"
  
  clsx@^1.0.4:
    version "1.1.1"
    resolved "https://registry.yarnpkg.com/clsx/-/clsx-1.1.1.tgz#98b3134f9abbdf23b2663491ace13c5c03a73188"
    integrity sha512-6/bPho624p3S2pMyvP5kKBPXnI3ufHLObBFCfgx+LkeR5lg2XYy2hqZqUf45ypD8COn2bhgGJSUE+l5dhNBieA==
  
  color-convert@^1.9.0:
    version "1.9.3"
    resolved "https://registry.yarnpkg.com/color-convert/-/color-convert-1.9.3.tgz#bb71850690e1f136567de629d2d5471deda4c1e8"
    integrity sha512-QfAUtd+vFdAtFQcC8CCyYt1fYWxSqAiK2cSD6zDB8N3cpsEBAvRxp9zOGg6G/SHHJYAT88/az/IuDGALsNVbGg==
    dependencies:
      color-name "1.1.3"
  
  color-name@1.1.3:
    version "1.1.3"
    resolved "https://registry.yarnpkg.com/color-name/-/color-name-1.1.3.tgz#a7d0558bd89c42f795dd42328f740831ca53bc25"
    integrity sha1-p9BVi9icQveV3UIyj3QIMcpTvCU=
  
  convert-source-map@^1.7.0:
    version "1.7.0"
    resolved "https://registry.yarnpkg.com/convert-source-map/-/convert-source-map-1.7.0.tgz#17a2cb882d7f77d3490585e2ce6c524424a3a442"
    integrity sha512-4FJkXzKXEDB1snCFZlLP4gpC3JILicCpGbzG9f9G7tGqGCzETQ2hWPrcinA9oU4wtf2biUaEH5065UnMeR33oA==
    dependencies:
      safe-buffer "~5.1.1"
  
  css-vendor@^2.0.8:
    version "2.0.8"
    resolved "https://registry.yarnpkg.com/css-vendor/-/css-vendor-2.0.8.tgz#e47f91d3bd3117d49180a3c935e62e3d9f7f449d"
    integrity sha512-x9Aq0XTInxrkuFeHKbYC7zWY8ai7qJ04Kxd9MnvbC1uO5DagxoHQjm4JvG+vCdXOoFtCjbL2XSZfxmoYa9uQVQ==
    dependencies:
      "@babel/runtime" "^7.8.3"
      is-in-browser "^1.0.2"
  
  csstype@^2.5.2:
    version "2.6.14"
    resolved "https://registry.yarnpkg.com/csstype/-/csstype-2.6.14.tgz#004822a4050345b55ad4dcc00be1d9cf2f4296de"
    integrity sha512-2mSc+VEpGPblzAxyeR+vZhJKgYg0Og0nnRi7pmRXFYYxSfnOnW8A5wwQb4n4cE2nIOzqKOAzLCaEX6aBmNEv8A==
  
  csstype@^3.0.2:
    version "3.0.6"
    resolved "https://registry.yarnpkg.com/csstype/-/csstype-3.0.6.tgz#865d0b5833d7d8d40f4e5b8a6d76aea3de4725ef"
    integrity sha512-+ZAmfyWMT7TiIlzdqJgjMb7S4f1beorDbWbsocyK4RaiqA5RTX3K14bnBWmmA9QEM0gRdsjyyrEmcyga8Zsxmw==
  
  debug@^4.1.0:
    version "4.3.1"
    resolved "https://registry.yarnpkg.com/debug/-/debug-4.3.1.tgz#f0d229c505e0c6d8c49ac553d1b13dc183f6b2ee"
    integrity sha512-doEwdvm4PCeK4K3RQN2ZC2BYUBaxwLARCqZmMjtF8a51J2Rb0xpVloFRnCODwqjpwnAoao4pelN8l3RJdv3gRQ==
    dependencies:
      ms "2.1.2"
  
  deep-is@~0.1.3:
    version "0.1.3"
    resolved "https://registry.yarnpkg.com/deep-is/-/deep-is-0.1.3.tgz#b369d6fb5dbc13eecf524f91b070feedc357cf34"
    integrity sha1-s2nW+128E+7PUk+RsHD+7cNXzzQ=
  
  dom-helpers@^5.0.1:
    version "5.2.0"
    resolved "https://registry.yarnpkg.com/dom-helpers/-/dom-helpers-5.2.0.tgz#57fd054c5f8f34c52a3eeffdb7e7e93cd357d95b"
    integrity sha512-Ru5o9+V8CpunKnz5LGgWXkmrH/20cGKwcHwS4m73zIvs54CN9epEmT/HLqFJW3kXpakAFkEdzgy1hzlJe3E4OQ==
    dependencies:
      "@babel/runtime" "^7.8.7"
      csstype "^3.0.2"
  
  escape-string-regexp@^1.0.2, escape-string-regexp@^1.0.5:
    version "1.0.5"
    resolved "https://registry.yarnpkg.com/escape-string-regexp/-/escape-string-regexp-1.0.5.tgz#1b61c0562190a8dff6ae3bb2cf0200ca130b86d4"
    integrity sha1-G2HAViGQqN/2rjuyzwIAyhMLhtQ=
  
  escodegen@^1.11.1:
    version "1.14.3"
    resolved "https://registry.yarnpkg.com/escodegen/-/escodegen-1.14.3.tgz#4e7b81fba61581dc97582ed78cab7f0e8d63f503"
    integrity sha512-qFcX0XJkdg+PB3xjZZG/wKSuT1PnQWx57+TVSjIMmILd2yC/6ByYElPwJnslDsuWuSAp4AwJGumarAAmJch5Kw==
    dependencies:
      esprima "^4.0.1"
      estraverse "^4.2.0"
      esutils "^2.0.2"
      optionator "^0.8.1"
    optionalDependencies:
      source-map "~0.6.1"
  
  esprima@^4.0.1:
    version "4.0.1"
    resolved "https://registry.yarnpkg.com/esprima/-/esprima-4.0.1.tgz#13b04cdb3e6c5d19df91ab6987a8695619b0aa71"
    integrity sha512-eGuFFw7Upda+g4p+QHvnW0RyTX/SVeJBDM/gCtMARO0cLuT2HcEKnTPvhjV6aGeqrCB/sbNop0Kszm0jsaWU4A==
  
  estraverse@^4.2.0:
    version "4.3.0"
    resolved "https://registry.yarnpkg.com/estraverse/-/estraverse-4.3.0.tgz#398ad3f3c5a24948be7725e83d11a7de28cdbd1d"
    integrity sha512-39nnKffWz8xN1BU/2c79n9nB9HDzo0niYUqx6xyqUnyoAnQyyWpOTdZEeiCch8BBu515t4wp9ZmgVfVhn9EBpw==
  
  estree-walker@^0.6.1:
    version "0.6.1"
    resolved "https://registry.yarnpkg.com/estree-walker/-/estree-walker-0.6.1.tgz#53049143f40c6eb918b23671d1fe3219f3a1b362"
    integrity sha512-SqmZANLWS0mnatqbSfRP5g8OXZC12Fgg1IwNtLsyHDzJizORW4khDfjPqJZsemPWBB2uqykUah5YpQ6epsqC/w==
  
  esutils@^2.0.2:
    version "2.0.3"
    resolved "https://registry.yarnpkg.com/esutils/-/esutils-2.0.3.tgz#74d2eb4de0b8da1293711910d50775b9b710ef64"
    integrity sha512-kVscqXk4OCp68SZ0dkgEKVi6/8ij300KBWTJq32P/dYeWTSwK41WyTxalN1eRmA5Z9UU/LX9D7FWSmV9SAYx6g==
  
  fast-levenshtein@~2.0.6:
    version "2.0.6"
    resolved "https://registry.yarnpkg.com/fast-levenshtein/-/fast-levenshtein-2.0.6.tgz#3d8a5c66883a16a30ca8643e851f19baa7797917"
    integrity sha1-PYpcZog6FqMMqGQ+hR8Zuqd5eRc=
  
  gensync@^1.0.0-beta.1:
    version "1.0.0-beta.2"
    resolved "https://registry.yarnpkg.com/gensync/-/gensync-1.0.0-beta.2.tgz#32a6ee76c3d7f52d46b2b1ae5d93fea8580a25e0"
    integrity sha512-3hN7NaskYvMDLQY55gnW3NQ+mesEAepTqlg+VEbj7zzqEMBVNhzcGYYeqFo/TlYz6eQiFcp1HcsCZO+nGgS8zg==
  
  globals@^11.1.0:
    version "11.12.0"
    resolved "https://registry.yarnpkg.com/globals/-/globals-11.12.0.tgz#ab8795338868a0babd8525758018c2a7eb95c42e"
    integrity sha512-WOBp/EEGUiIsJSp7wcv/y6MO+lV9UoncWqxuFfm8eBwzWNgyfBd6Gz+IeKQ9jCmyhoH99g15M3T+QaVHFjizVA==
  
  has-ansi@^2.0.0:
    version "2.0.0"
    resolved "https://registry.yarnpkg.com/has-ansi/-/has-ansi-2.0.0.tgz#34f5049ce1ecdf2b0649af3ef24e45ed35416d91"
    integrity sha1-NPUEnOHs3ysGSa8+8k5F7TVBbZE=
    dependencies:
      ansi-regex "^2.0.0"
  
  has-flag@^3.0.0:
    version "3.0.0"
    resolved "https://registry.yarnpkg.com/has-flag/-/has-flag-3.0.0.tgz#b5d454dc2199ae225699f3467e5a07f3b955bafd"
    integrity sha1-tdRU3CGZriJWmfNGfloH87lVuv0=
  
  hoist-non-react-statics@^3.3.2:
    version "3.3.2"
    resolved "https://registry.yarnpkg.com/hoist-non-react-statics/-/hoist-non-react-statics-3.3.2.tgz#ece0acaf71d62c2969c2ec59feff42a4b1a85b45"
    integrity sha512-/gGivxi8JPKWNm/W0jSmzcMPpfpPLc3dY/6GxhX2hQ9iGj3aDfklV4ET7NjKpSinLpJ5vafa9iiGIEZg10SfBw==
    dependencies:
      react-is "^16.7.0"
  
  hyphenate-style-name@^1.0.3:
    version "1.0.4"
    resolved "https://registry.yarnpkg.com/hyphenate-style-name/-/hyphenate-style-name-1.0.4.tgz#691879af8e220aea5750e8827db4ef62a54e361d"
    integrity sha512-ygGZLjmXfPHj+ZWh6LwbC37l43MhfztxetbFCoYTM2VjkIUpeHgSNn7QIyVFj7YQ1Wl9Cbw5sholVJPzWvC2MQ==
  
  indefinite-observable@^2.0.1:
    version "2.0.1"
    resolved "https://registry.yarnpkg.com/indefinite-observable/-/indefinite-observable-2.0.1.tgz#574af29bfbc17eb5947793797bddc94c9d859400"
    integrity sha512-G8vgmork+6H9S8lUAg1gtXEj2JxIQTo0g2PbFiYOdjkziSI0F7UYBiVwhZRuixhBCNGczAls34+5HJPyZysvxQ==
    dependencies:
      symbol-observable "1.2.0"
  
  install@^0.13.0:
    version "0.13.0"
    resolved "https://registry.yarnpkg.com/install/-/install-0.13.0.tgz#6af6e9da9dd0987de2ab420f78e60d9c17260776"
    integrity sha512-zDml/jzr2PKU9I8J/xyZBQn8rPCAY//UOYNmR01XwNwyfhEWObo2SWfSl1+0tm1u6PhxLwDnfsT/6jB7OUxqFA==
  
  is-in-browser@^1.0.2, is-in-browser@^1.1.3:
    version "1.1.3"
    resolved "https://registry.yarnpkg.com/is-in-browser/-/is-in-browser-1.1.3.tgz#56ff4db683a078c6082eb95dad7dc62e1d04f835"
    integrity sha1-Vv9NtoOgeMYILrldrX3GLh0E+DU=
  
  "js-tokens@^3.0.0 || ^4.0.0", js-tokens@^4.0.0:
    version "4.0.0"
    resolved "https://registry.yarnpkg.com/js-tokens/-/js-tokens-4.0.0.tgz#19203fb59991df98e3a287050d4647cdeaf32499"
    integrity sha512-RdJUflcE3cUzKiMqQgsCu06FPu9UdIJO0beYbPhHN4k6apgJtifcoCtT9bcxOpYBtpD2kCM6Sbzg4CausW/PKQ==
  
  jsesc@^2.5.1:
    version "2.5.2"
    resolved "https://registry.yarnpkg.com/jsesc/-/jsesc-2.5.2.tgz#80564d2e483dacf6e8ef209650a67df3f0c283a4"
    integrity sha512-OYu7XEzjkCQ3C5Ps3QIZsQfNpqoJyZZA99wd9aWd05NCtC5pWOkShK2mkL6HXQR6/Cy2lbNdPlZBpuQHXE63gA==
  
  json5@^2.1.2:
    version "2.2.0"
    resolved "https://registry.yarnpkg.com/json5/-/json5-2.2.0.tgz#2dfefe720c6ba525d9ebd909950f0515316c89a3"
    integrity sha512-f+8cldu7X/y7RAJurMEJmdoKXGB/X550w2Nr3tTbezL6RwEE/iMcm+tZnXeoZtKuOq6ft8+CqzEkrIgx1fPoQA==
    dependencies:
      minimist "^1.2.5"
  
  jss-plugin-camel-case@^10.5.1:
    version "10.5.1"
    resolved "https://registry.yarnpkg.com/jss-plugin-camel-case/-/jss-plugin-camel-case-10.5.1.tgz#427b24a9951b4c2eaa7e3d5267acd2e00b0934f9"
    integrity sha512-9+oymA7wPtswm+zxVti1qiowC5q7bRdCJNORtns2JUj/QHp2QPXYwSNRD8+D2Cy3/CEMtdJzlNnt5aXmpS6NAg==
    dependencies:
      "@babel/runtime" "^7.3.1"
      hyphenate-style-name "^1.0.3"
      jss "10.5.1"
  
  jss-plugin-default-unit@^10.5.1:
    version "10.5.1"
    resolved "https://registry.yarnpkg.com/jss-plugin-default-unit/-/jss-plugin-default-unit-10.5.1.tgz#2be385d71d50aee2ee81c2a9ac70e00592ed861b"
    integrity sha512-D48hJBc9Tj3PusvlillHW8Fz0y/QqA7MNmTYDQaSB/7mTrCZjt7AVRROExoOHEtd2qIYKOYJW3Jc2agnvsXRlQ==
    dependencies:
      "@babel/runtime" "^7.3.1"
      jss "10.5.1"
  
  jss-plugin-global@^10.5.1:
    version "10.5.1"
    resolved "https://registry.yarnpkg.com/jss-plugin-global/-/jss-plugin-global-10.5.1.tgz#0e1793dea86c298360a7e2004721351653c7e764"
    integrity sha512-jX4XpNgoaB8yPWw/gA1aPXJEoX0LNpvsROPvxlnYe+SE0JOhuvF7mA6dCkgpXBxfTWKJsno7cDSCgzHTocRjCQ==
    dependencies:
      "@babel/runtime" "^7.3.1"
      jss "10.5.1"
  
  jss-plugin-nested@^10.5.1:
    version "10.5.1"
    resolved "https://registry.yarnpkg.com/jss-plugin-nested/-/jss-plugin-nested-10.5.1.tgz#8753a80ad31190fb6ac6fdd39f57352dcf1295bb"
    integrity sha512-xXkWKOCljuwHNjSYcXrCxBnjd8eJp90KVFW1rlhvKKRXnEKVD6vdKXYezk2a89uKAHckSvBvBoDGsfZrldWqqQ==
    dependencies:
      "@babel/runtime" "^7.3.1"
      jss "10.5.1"
      tiny-warning "^1.0.2"
  
  jss-plugin-props-sort@^10.5.1:
    version "10.5.1"
    resolved "https://registry.yarnpkg.com/jss-plugin-props-sort/-/jss-plugin-props-sort-10.5.1.tgz#ab1c167fd2d4506fb6a1c1d66c5f3ef545ff1cd8"
    integrity sha512-t+2vcevNmMg4U/jAuxlfjKt46D/jHzCPEjsjLRj/J56CvP7Iy03scsUP58Iw8mVnaV36xAUZH2CmAmAdo8994g==
    dependencies:
      "@babel/runtime" "^7.3.1"
      jss "10.5.1"
  
  jss-plugin-rule-value-function@^10.5.1:
    version "10.5.1"
    resolved "https://registry.yarnpkg.com/jss-plugin-rule-value-function/-/jss-plugin-rule-value-function-10.5.1.tgz#37f4030523fb3032c8801fab48c36c373004de7e"
    integrity sha512-3gjrSxsy4ka/lGQsTDY8oYYtkt2esBvQiceGBB4PykXxHoGRz14tbCK31Zc6DHEnIeqsjMUGbq+wEly5UViStQ==
    dependencies:
      "@babel/runtime" "^7.3.1"
      jss "10.5.1"
      tiny-warning "^1.0.2"
  
  jss-plugin-vendor-prefixer@^10.5.1:
    version "10.5.1"
    resolved "https://registry.yarnpkg.com/jss-plugin-vendor-prefixer/-/jss-plugin-vendor-prefixer-10.5.1.tgz#45a183a3a0eb097bdfab0986b858d99920c0bbd8"
    integrity sha512-cLkH6RaPZWHa1TqSfd2vszNNgxT1W0omlSjAd6hCFHp3KIocSrW21gaHjlMU26JpTHwkc+tJTCQOmE/O1A4FKQ==
    dependencies:
      "@babel/runtime" "^7.3.1"
      css-vendor "^2.0.8"
      jss "10.5.1"
  
  jss-rtl@^0.3.0:
    version "0.3.0"
    resolved "https://registry.yarnpkg.com/jss-rtl/-/jss-rtl-0.3.0.tgz#386961615956f9655bd5e9ec7e9d08bef223e4af"
    integrity sha512-rg9jJmP1bAyhNOAp+BDZgOP/lMm4+oQ76qGueupDQ68Wq+G+6SGvCZvhIEg8OHSONRWOwFT6skCI+APGi8DgmA==
    dependencies:
      rtl-css-js "^1.13.1"
  
  jss@10.5.1, jss@^10.5.1:
    version "10.5.1"
    resolved "https://registry.yarnpkg.com/jss/-/jss-10.5.1.tgz#93e6b2428c840408372d8b548c3f3c60fa601c40"
    integrity sha512-hbbO3+FOTqVdd7ZUoTiwpHzKXIo5vGpMNbuXH1a0wubRSWLWSBvwvaq4CiHH/U42CmjOnp6lVNNs/l+Z7ZdDmg==
    dependencies:
      "@babel/runtime" "^7.3.1"
      csstype "^3.0.2"
      indefinite-observable "^2.0.1"
      is-in-browser "^1.1.3"
      tiny-warning "^1.0.2"
  
  levn@~0.3.0:
    version "0.3.0"
    resolved "https://registry.yarnpkg.com/levn/-/levn-0.3.0.tgz#3b09924edf9f083c0490fdd4c0bc4421e04764ee"
    integrity sha1-OwmSTt+fCDwEkP3UwLxEIeBHZO4=
    dependencies:
      prelude-ls "~1.1.2"
      type-check "~0.3.2"
  
  lodash@^4.17.19:
    version "4.17.20"
    resolved "https://registry.yarnpkg.com/lodash/-/lodash-4.17.20.tgz#b44a9b6297bcb698f1c51a3545a2b3b368d59c52"
    integrity sha512-PlhdFcillOINfeV7Ni6oF1TAEayyZBoZ8bcshTHqOYJYlrqzRK5hagpagky5o4HfCzzd1TRkXPMFq6cKk9rGmA==
  
  loose-envify@^1.4.0:
    version "1.4.0"
    resolved "https://registry.yarnpkg.com/loose-envify/-/loose-envify-1.4.0.tgz#71ee51fa7be4caec1a63839f7e682d8132d30caf"
    integrity sha512-lyuxPGr/Wfhrlem2CL/UcnUc1zcqKAImBDzukY7Y5F/yQiNdko6+fRLevlw1HgMySw7f611UIY408EtxRSoK3Q==
    dependencies:
      js-tokens "^3.0.0 || ^4.0.0"
  
  magic-string@^0.14.0:
    version "0.14.0"
    resolved "https://registry.yarnpkg.com/magic-string/-/magic-string-0.14.0.tgz#57224aef1701caeed273b17a39a956e72b172462"
    integrity sha1-VyJK7xcByu7Sc7F6OalW5ysXJGI=
    dependencies:
      vlq "^0.2.1"
  
  minimist@^1.2.0, minimist@^1.2.5:
    version "1.2.5"
    resolved "https://registry.yarnpkg.com/minimist/-/minimist-1.2.5.tgz#67d66014b66a6a8aaa0c083c5fd58df4e4e97602"
    integrity sha512-FM9nNUYrRBAELZQT3xeZQ7fmMOBg6nWNmJKTcgsJeaLstP/UODVpGsr5OhXhhXg6f+qtJ8uiZ+PUxkDWcgIXLw==
  
  ms@2.1.2:
    version "2.1.2"
    resolved "https://registry.yarnpkg.com/ms/-/ms-2.1.2.tgz#d09d1f357b443f493382a8eb3ccd183872ae6009"
    integrity sha512-sGkPx+VjMtmA6MX27oA4FBFELFCZZ4S4XqeGOXCv68tT+jb3vk/RyaKWP0PTKyWtmLSM0b+adUTEvbs1PEaH2w==
  
  object-assign@^4.1.1:
    version "4.1.1"
    resolved "https://registry.yarnpkg.com/object-assign/-/object-assign-4.1.1.tgz#2109adc7965887cfc05cbbd442cac8bfbb360863"
    integrity sha1-IQmtx5ZYh8/AXLvUQsrIv7s2CGM=
  
  optionator@^0.8.1:
    version "0.8.3"
    resolved "https://registry.yarnpkg.com/optionator/-/optionator-0.8.3.tgz#84fa1d036fe9d3c7e21d99884b601167ec8fb495"
    integrity sha512-+IW9pACdk3XWmmTXG8m3upGUJst5XRGzxMRjXzAuJ1XnIFNvfhjjIuYkDvysnPQ7qzqVzLt78BCruntqRhWQbA==
    dependencies:
      deep-is "~0.1.3"
      fast-levenshtein "~2.0.6"
      levn "~0.3.0"
      prelude-ls "~1.1.2"
      type-check "~0.3.2"
      word-wrap "~1.2.3"
  
  os-homedir@^1.0.1:
    version "1.0.2"
    resolved "https://registry.yarnpkg.com/os-homedir/-/os-homedir-1.0.2.tgz#ffbc4988336e0e833de0c168c7ef152121aa7fb3"
    integrity sha1-/7xJiDNuDoM94MFox+8VISGqf7M=
  
  popper.js@1.16.1-lts:
    version "1.16.1-lts"
    resolved "https://registry.yarnpkg.com/popper.js/-/popper.js-1.16.1-lts.tgz#cf6847b807da3799d80ee3d6d2f90df8a3f50b05"
    integrity sha512-Kjw8nKRl1m+VrSFCoVGPph93W/qrSO7ZkqPpTf7F4bk/sqcfWK019dWBUpE/fBOsOQY1dks/Bmcbfn1heM/IsA==
  
  prelude-ls@~1.1.2:
    version "1.1.2"
    resolved "https://registry.yarnpkg.com/prelude-ls/-/prelude-ls-1.1.2.tgz#21932a549f5e52ffd9a827f570e04be62a97da54"
    integrity sha1-IZMqVJ9eUv/ZqCf1cOBL5iqX2lQ=
  
  prop-types@^15.6.2, prop-types@^15.7.2:
    version "15.7.2"
    resolved "https://registry.yarnpkg.com/prop-types/-/prop-types-15.7.2.tgz#52c41e75b8c87e72b9d9360e0206b99dcbffa6c5"
    integrity sha512-8QQikdH7//R2vurIJSutZ1smHYTcLpRWEOlHnzcWHmBYrOGUysKwSsrC89BCiFj3CbrfJ/nXFdJepOVrY1GCHQ==
    dependencies:
      loose-envify "^1.4.0"
      object-assign "^4.1.1"
      react-is "^16.8.1"
  
  react-is@^16.7.0, react-is@^16.8.1:
    version "16.13.1"
    resolved "https://registry.yarnpkg.com/react-is/-/react-is-16.13.1.tgz#789729a4dc36de2999dc156dd6c1d9c18cea56a4"
    integrity sha512-24e6ynE2H+OKt4kqsOvNd8kBpV65zoxbA4BVsEOB3ARVWQki/DHzaUoC5KuON/BiccDaCCTZBuOcfZs70kR8bQ==
  
  "react-is@^16.8.0 || ^17.0.0":
    version "17.0.1"
    resolved "https://registry.yarnpkg.com/react-is/-/react-is-17.0.1.tgz#5b3531bd76a645a4c9fb6e693ed36419e3301339"
    integrity sha512-NAnt2iGDXohE5LI7uBnLnqvLQMtzhkiAOLXTmv+qnF9Ky7xAPcX8Up/xWIhxvLVGJvuLiNc4xQLtuqDRzb4fSA==
  
  react-transition-group@^4.4.0:
    version "4.4.1"
    resolved "https://registry.yarnpkg.com/react-transition-group/-/react-transition-group-4.4.1.tgz#63868f9325a38ea5ee9535d828327f85773345c9"
    integrity sha512-Djqr7OQ2aPUiYurhPalTrVy9ddmFCCzwhqQmtN+J3+3DzLO209Fdr70QrN8Z3DsglWql6iY1lDWAfpFiBtuKGw==
    dependencies:
      "@babel/runtime" "^7.5.5"
      dom-helpers "^5.0.1"
      loose-envify "^1.4.0"
      prop-types "^15.6.2"
  
  regenerator-runtime@^0.13.4:
    version "0.13.7"
    resolved "https://registry.yarnpkg.com/regenerator-runtime/-/regenerator-runtime-0.13.7.tgz#cac2dacc8a1ea675feaabaeb8ae833898ae46f55"
    integrity sha512-a54FxoJDIr27pgf7IgeQGxmqUNYrcV338lf/6gH456HZ/PhX+5BcwHXG9ajESmwe6WRO0tAzRUrRmNONWgkrew==
  
  rollup-plugin-buble@^0.16.0:
    version "0.16.0"
    resolved "https://registry.yarnpkg.com/rollup-plugin-buble/-/rollup-plugin-buble-0.16.0.tgz#3c66e2f4703527f5d27a4054f97d5eef463c5bb8"
    integrity sha512-dPIvH9iK9AUGRrqpARL6TTNY85BJpc5OK5PiCAnFaRe7C1boRBVRXiL0SYsYNVnyYYPl6vu0lVSb722eMSw1Eg==
    dependencies:
      buble "^0.16.0"
      rollup-pluginutils "^2.0.1"
  
  rollup-pluginutils@^2.0.1:
    version "2.8.2"
    resolved "https://registry.yarnpkg.com/rollup-pluginutils/-/rollup-pluginutils-2.8.2.tgz#72f2af0748b592364dbd3389e600e5a9444a351e"
    integrity sha512-EEp9NhnUkwY8aif6bxgovPHMoMoNr2FulJziTndpt5H9RdwC47GSGuII9XxpSdzVGM0GWrNPHV6ie1LTNJPaLQ==
    dependencies:
      estree-walker "^0.6.1"
  
  rollup@^0.45.0:
    version "0.45.2"
    resolved "https://registry.yarnpkg.com/rollup/-/rollup-0.45.2.tgz#63a284c2b31234656f24e9e9717fabb6a7f0fa43"
    integrity sha512-2+bq5GQSrocdhr+M92mOQRmF1evtLRzv9NdmEC2wo7BILvTG8irHCtD0q+zg8ikNu63iJicdN5IzyxAXRTFKOQ==
    dependencies:
      source-map-support "^0.4.0"
  
  rtl-css-js@^1.13.1:
    version "1.14.0"
    resolved "https://registry.yarnpkg.com/rtl-css-js/-/rtl-css-js-1.14.0.tgz#daa4f192a92509e292a0519f4b255e6e3c076b7d"
    integrity sha512-Dl5xDTeN3e7scU1cWX8c9b6/Nqz3u/HgR4gePc1kWXYiQWVQbKCEyK6+Hxve9LbcJ5EieHy1J9nJCN3grTtGwg==
    dependencies:
      "@babel/runtime" "^7.1.2"
  
  safe-buffer@~5.1.1:
    version "5.1.2"
    resolved "https://registry.yarnpkg.com/safe-buffer/-/safe-buffer-5.1.2.tgz#991ec69d296e0313747d59bdfd2b745c35f8828d"
    integrity sha512-Gd2UZBJDkXlY7GbJxfsE8/nvKkUEU1G38c1siN6QP6a9PT9MmHB8GnpscSmMJSoF8LOIrt8ud/wPtojys4G6+g==
  
  semver@^5.4.1:
    version "5.7.1"
    resolved "https://registry.yarnpkg.com/semver/-/semver-5.7.1.tgz#a954f931aeba508d307bbf069eff0c01c96116f7"
    integrity sha512-sauaDf/PZdVgrLTNYHRtpXa1iRiKcaebiKQ1BJdpQlWH2lCvexQdX55snPFyK7QzpudqbCI0qXFfOasHdyNDGQ==
  
  source-map-support@^0.4.0:
    version "0.4.18"
    resolved "https://registry.yarnpkg.com/source-map-support/-/source-map-support-0.4.18.tgz#0286a6de8be42641338594e97ccea75f0a2c585f"
    integrity sha512-try0/JqxPLF9nOjvSta7tVondkP5dwgyLDjVoyMDlmjugT2lRZ1OfsrYTkCd2hkDnJTKRbO/Rl3orm8vlsUzbA==
    dependencies:
      source-map "^0.5.6"
  
  source-map@^0.5.0, source-map@^0.5.6:
    version "0.5.7"
    resolved "https://registry.yarnpkg.com/source-map/-/source-map-0.5.7.tgz#8a039d2d1021d22d1ea14c80d8ea468ba2ef3fcc"
    integrity sha1-igOdLRAh0i0eoUyA2OpGi6LvP8w=
  
  source-map@~0.6.1:
    version "0.6.1"
    resolved "https://registry.yarnpkg.com/source-map/-/source-map-0.6.1.tgz#74722af32e9614e9c287a8d0bbde48b5e2f1a263"
    integrity sha512-UjgapumWlbMhkBgzT7Ykc5YXUT46F0iKu8SGXq0bcwP5dz/h0Plj6enJqjz1Zbq2l5WaqYnrVbwWOWMyF3F47g==
  
  strip-ansi@^3.0.0:
    version "3.0.1"
    resolved "https://registry.yarnpkg.com/strip-ansi/-/strip-ansi-3.0.1.tgz#6a385fb8853d952d5ff05d0e8aaf94278dc63dcf"
    integrity sha1-ajhfuIU9lS1f8F0Oiq+UJ43GPc8=
    dependencies:
      ansi-regex "^2.0.0"
  
  supports-color@^2.0.0:
    version "2.0.0"
    resolved "https://registry.yarnpkg.com/supports-color/-/supports-color-2.0.0.tgz#535d045ce6b6363fa40117084629995e9df324c7"
    integrity sha1-U10EXOa2Nj+kARcIRimZXp3zJMc=
  
  supports-color@^5.3.0:
    version "5.5.0"
    resolved "https://registry.yarnpkg.com/supports-color/-/supports-color-5.5.0.tgz#e2e69a44ac8772f78a1ec0b35b689df6530efc8f"
    integrity sha512-QjVjwdXIt408MIiAqCX4oUKsgU2EqAGzs2Ppkm4aQYbjm+ZEWEcW4SfFNTr4uMNZma0ey4f5lgLrkB0aX0QMow==
    dependencies:
      has-flag "^3.0.0"
  
  symbol-observable@1.2.0:
    version "1.2.0"
    resolved "https://registry.yarnpkg.com/symbol-observable/-/symbol-observable-1.2.0.tgz#c22688aed4eab3cdc2dfeacbb561660560a00804"
    integrity sha512-e900nM8RRtGhlV36KGEU9k65K3mPb1WV70OdjfxlG2EAuM1noi/E/BaW/uMhL7bPEssK8QV57vN3esixjUvcXQ==
  
  tiny-warning@^1.0.2:
    version "1.0.3"
    resolved "https://registry.yarnpkg.com/tiny-warning/-/tiny-warning-1.0.3.tgz#94a30db453df4c643d0fd566060d60a875d84754"
    integrity sha512-lBN9zLN/oAf68o3zNXYrdCt1kP8WsiGW8Oo2ka41b2IM5JL/S1CTyX1rW0mb/zSuJun0ZUrDxx4sqvYS2FWzPA==
  
  to-fast-properties@^2.0.0:
    version "2.0.0"
    resolved "https://registry.yarnpkg.com/to-fast-properties/-/to-fast-properties-2.0.0.tgz#dc5e698cbd079265bc73e0377681a4e4e83f616e"
    integrity sha1-3F5pjL0HkmW8c+A3doGk5Og/YW4=
  
  type-check@~0.3.2:
    version "0.3.2"
    resolved "https://registry.yarnpkg.com/type-check/-/type-check-0.3.2.tgz#5884cab512cf1d355e3fb784f30804b2b520db72"
    integrity sha1-WITKtRLPHTVeP7eE8wgEsrUg23I=
    dependencies:
      prelude-ls "~1.1.2"
  
  vlq@^0.2.1, vlq@^0.2.2:
    version "0.2.3"
    resolved "https://registry.yarnpkg.com/vlq/-/vlq-0.2.3.tgz#8f3e4328cf63b1540c0d67e1b2778386f8975b26"
    integrity sha512-DRibZL6DsNhIgYQ+wNdWDL2SL3bKPlVrRiBqV5yuMm++op8W4kGFtaQfCs4KEJn0wBZcHVHJ3eoywX8983k1ow==
  
  word-wrap@~1.2.3:
    version "1.2.3"
    resolved "https://registry.yarnpkg.com/word-wrap/-/word-wrap-1.2.3.tgz#610636f6b1f703891bd34771ccb17fb93b47079c"
    integrity sha512-Hz/mrNwitNRh/HUAtM/VT/5VH+ygD6DV7mYKZAtHOrbs8U7lvPS6xf7EJKMF0uW1KJCl0H701g3ZGus+muE5vQ==
